1661855205429	geckodriver	INFO	Listening on 127.0.0.1:56054
1661855208547	mozrunner::runner	INFO	Running command: "C:\\Program Files\\Mozilla Firefox\\firefox.exe" "--marionette" "--remote-debugging-port" "56055" "--remote-allow-hosts" "localhost" "-no-remote" "-profile" "C:\\Users\\HP\\AppData\\Local\\Temp\\rust_mozprofile0YB1Sm"
1661855209225	Marionette	INFO	Marionette enabled
1661855209229	Marionette	INFO	Listening on port 56064
WebDriver BiDi listening on ws://localhost:56055
Read port: 56064
1661855209329	RemoteAgent	WARN	TLS certificate errors will be ignored for this session
console.warn: SearchSettings: "get: No settings file exists, new profile?" (new NotFoundError("Could not open the file at C:\\Users\\HP\\AppData\\Local\\Temp\\rust_mozprofile0YB1Sm\\search.json.mozlz4", (void 0)))
DevTools listening on ws://localhost:56055/devtools/browser/fe0682b9-4f5f-481d-8b17-47a9a5551d48
1661855213305	Marionette	INFO	Stopped listening on port 56064
[Parent 21436, IPC I/O Parent] WARNING: file /builds/worker/checkouts/gecko/ipc/chromium/src/base/process_util_win.cc:167
1661860635936	geckodriver	INFO	Listening on 127.0.0.1:57211
1661860638976	mozrunner::runner	INFO	Running command: "C:\\Program Files\\Mozilla Firefox\\firefox.exe" "--marionette" "--remote-debugging-port" "57212" "--remote-allow-hosts" "localhost" "-no-remote" "-profile" "C:\\Users\\HP\\AppData\\Local\\Temp\\rust_mozprofileFguNrW"
1661860639632	Marionette	INFO	Marionette enabled
1661860639636	Marionette	INFO	Listening on port 57222
WebDriver BiDi listening on ws://localhost:57212
Read port: 57222
1661860639731	RemoteAgent	WARN	TLS certificate errors will be ignored for this session
console.warn: SearchSettings: "get: No settings file exists, new profile?" (new NotFoundError("Could not open the file at C:\\Users\\HP\\AppData\\Local\\Temp\\rust_mozprofileFguNrW\\search.json.mozlz4", (void 0)))
DevTools listening on ws://localhost:57212/devtools/browser/82401160-5f7a-455a-b4af-7d15fc99ff92
1661860643675	Marionette	INFO	Stopped listening on port 57222
